{"numFailedTestSuites":0,"numFailedTests":0,"numPassedTestSuites":1,"numPassedTests":10,"numPendingTestSuites":0,"numPendingTests":0,"numRuntimeErrorTestSuites":0,"numTodoTests":0,"numTotalTestSuites":1,"numTotalTests":10,"openHandles":[],"snapshot":{"added":0,"didUpdate":false,"failure":false,"filesAdded":0,"filesRemoved":0,"filesRemovedList":[],"filesUnmatched":0,"filesUpdated":0,"matched":0,"total":0,"unchecked":0,"uncheckedKeysByFile":[],"unmatched":0,"updated":0},"startTime":1759948535425,"success":true,"testResults":[{"assertionResults":[{"ancestorTitles":["基础测试示例"],"duration":1,"failing":false,"failureDetails":[],"failureMessages":[],"fullName":"基础测试示例 should pass basic test","invocations":1,"location":null,"numPassingAsserts":1,"retryReasons":[],"startAt":1759948535506,"status":"passed","title":"should pass basic test"},{"ancestorTitles":["基础测试示例"],"duration":0,"failing":false,"failureDetails":[],"failureMessages":[],"fullName":"基础测试示例 should handle string operations","invocations":1,"location":null,"numPassingAsserts":2,"retryReasons":[],"startAt":1759948535507,"status":"passed","title":"should handle string operations"},{"ancestorTitles":["基础测试示例"],"duration":1,"failing":false,"failureDetails":[],"failureMessages":[],"fullName":"基础测试示例 should work with arrays","invocations":1,"location":null,"numPassingAsserts":2,"retryReasons":[],"startAt":1759948535507,"status":"passed","title":"should work with arrays"},{"ancestorTitles":["基础测试示例"],"duration":101,"failing":false,"failureDetails":[],"failureMessages":[],"fullName":"基础测试示例 should handle async operations","invocations":1,"location":null,"numPassingAsserts":1,"retryReasons":[],"startAt":1759948535508,"status":"passed","title":"should handle async operations"},{"ancestorTitles":["工具函数测试","calculatePercentage"],"duration":0,"failing":false,"failureDetails":[],"failureMessages":[],"fullName":"工具函数测试 calculatePercentage 应该正确计算百分比","invocations":1,"location":null,"numPassingAsserts":2,"retryReasons":[],"startAt":1759948535609,"status":"passed","title":"应该正确计算百分比"},{"ancestorTitles":["工具函数测试","calculatePercentage"],"duration":0,"failing":false,"failureDetails":[],"failureMessages":[],"fullName":"工具函数测试 calculatePercentage 应该处理零值","invocations":1,"location":null,"numPassingAsserts":2,"retryReasons":[],"startAt":1759948535610,"status":"passed","title":"应该处理零值"},{"ancestorTitles":["工具函数测试","formatCurrency"],"duration":10,"failing":false,"failureDetails":[],"failureMessages":[],"fullName":"工具函数测试 formatCurrency 应该正确格式化货币","invocations":1,"location":null,"numPassingAsserts":2,"retryReasons":[],"startAt":1759948535610,"status":"passed","title":"应该正确格式化货币"},{"ancestorTitles":["工具函数测试","formatCurrency"],"duration":0,"failing":false,"failureDetails":[],"failureMessages":[],"fullName":"工具函数测试 formatCurrency 应该支持不同货币符号","invocations":1,"location":null,"numPassingAsserts":1,"retryReasons":[],"startAt":1759948535621,"status":"passed","title":"应该支持不同货币符号"},{"ancestorTitles":["Mock测试示例"],"duration":1,"failing":false,"failureDetails":[],"failureMessages":[],"fullName":"Mock测试示例 应该正确使用mock函数","invocations":1,"location":null,"numPassingAsserts":2,"retryReasons":[],"startAt":1759948535621,"status":"passed","title":"应该正确使用mock函数"},{"ancestorTitles":["Mock测试示例"],"duration":0,"failing":false,"failureDetails":[],"failureMessages":[],"fullName":"Mock测试示例 应该mock返回值","invocations":1,"location":null,"numPassingAsserts":2,"retryReasons":[],"startAt":1759948535622,"status":"passed","title":"应该mock返回值"}],"endTime":1759948535623,"message":"","name":"/Users/yanyu/AI-Management/tests/unit/basic.test.js","startTime":1759948535457,"status":"passed","summary":""}],"wasInterrupted":false,"coverageMap":{}}
